<?xml version="1.0" encoding="UTF-8"?>
<!-- Generated by org.testng.reporters.JUnitReportReporter -->
<testsuite name="eMail.GmailDemo_InValidLogin" tests="3" time="9.171" ignored="0" failures="0" timestamp="14 Feb 2017 02:38:40 GMT" skipped="0" hostname="GOVTECH-CTMO-02" errors="0">
  <testcase name="TC3_InValidlogin" time="2.885" classname="eMail.GmailDemo_InValidLogin"/>
  <testcase name="TC1_OpenBrowser" time="4.117" classname="eMail.GmailDemo_InValidLogin"/>
  <testcase name="TC2_LaunchGoogle" time="2.169" classname="eMail.GmailDemo_InValidLogin"/>
</testsuite> <!-- eMail.GmailDemo_InValidLogin -->
