<?xml version="1.0" encoding="UTF-8"?>
<!-- Generated by org.testng.reporters.JUnitReportReporter -->
<testsuite name="eMail.GmailDemo" tests="5" time="22.228" ignored="0" failures="0" timestamp="26 Feb 2017 23:03:16 GMT" skipped="0" hostname="GOVTECH-CTMO-02" errors="0">
  <testcase name="TC2_LaunchGoogle" time="1.282" classname="eMail.GmailDemo"/>
  <testcase name="TC3_validlogin" time="1.257" classname="eMail.GmailDemo"/>
  <testcase name="TC4_Compose" time="12.352" classname="eMail.GmailDemo"/>
  <testcase name="TC5_SignOut" time="4.580" classname="eMail.GmailDemo"/>
  <testcase name="TC1_OpenBrowser" time="2.757" classname="eMail.GmailDemo"/>
</testsuite> <!-- eMail.GmailDemo -->
