<?xml version="1.0" encoding="UTF-8"?>
<!-- Generated by org.testng.reporters.JUnitReportReporter -->
<testsuite name="eMail.GmailDemo" tests="5" time="19.066" ignored="0" failures="0" timestamp="07 Feb 2017 02:48:00 GMT" skipped="0" hostname="GOVTECH-CTMO-02" errors="0">
  <testcase name="TC5_SignOut" time="4.570" classname="eMail.GmailDemo"/>
  <testcase name="TC3_validlogin" time="1.142" classname="eMail.GmailDemo"/>
  <testcase name="TC4_Compose" time="7.505" classname="eMail.GmailDemo"/>
  <testcase name="TC1_OpenBrowser" time="2.658" classname="eMail.GmailDemo"/>
  <testcase name="TC2_LaunchGoogle" time="3.191" classname="eMail.GmailDemo"/>
</testsuite> <!-- eMail.GmailDemo -->
