<?xml version="1.0" encoding="UTF-8"?>
<!-- Generated by org.testng.reporters.JUnitReportReporter -->
<testsuite name="eMail.GmailDemo_InValidLogin" tests="3" time="5.330" ignored="0" failures="0" timestamp="22 Feb 2017 05:59:36 GMT" skipped="0" hostname="GOVTECH-CTMO-02" errors="0">
  <testcase name="TC3_InValidlogin" time="2.006" classname="eMail.GmailDemo_InValidLogin"/>
  <testcase name="TC1_OpenBrowser" time="2.454" classname="eMail.GmailDemo_InValidLogin"/>
  <testcase name="TC2_LaunchGoogle" time="0.870" classname="eMail.GmailDemo_InValidLogin"/>
</testsuite> <!-- eMail.GmailDemo_InValidLogin -->
