<?xml version="1.0" encoding="UTF-8"?>
<!-- Generated by org.testng.reporters.JUnitReportReporter -->
<testsuite name="eMail.LoginDemoTng" tests="1" time="30.291" ignored="0" failures="0" timestamp="02 Feb 2017 05:28:39 GMT" skipped="0" hostname="GOVTECH-CTMO-02" errors="0">
  <testcase name="login" time="30.291" classname="eMail.LoginDemoTng"/>
</testsuite> <!-- eMail.LoginDemoTng -->
