<?xml version="1.0" encoding="UTF-8"?>
<!-- Generated by org.testng.reporters.JUnitReportReporter -->
<testsuite name="eMail.GmailDemo" tests="5" time="23.051" ignored="0" failures="0" timestamp="07 Feb 2017 16:36:15 GMT" skipped="0" hostname="GOVTECH-CTMO-02" errors="0">
  <testcase name="TC1_OpenBrowser" time="3.928" classname="eMail.GmailDemo"/>
  <testcase name="TC5_SignOut" time="4.542" classname="eMail.GmailDemo"/>
  <testcase name="TC3_validlogin" time="1.118" classname="eMail.GmailDemo"/>
  <testcase name="TC2_LaunchGoogle" time="0.901" classname="eMail.GmailDemo"/>
  <testcase name="TC4_Compose" time="12.562" classname="eMail.GmailDemo"/>
</testsuite> <!-- eMail.GmailDemo -->
