<?xml version="1.0" encoding="UTF-8"?>
<!-- Generated by org.testng.reporters.JUnitReportReporter -->
<testsuite name="eMail.GmailDemo" tests="5" time="24.629" ignored="0" failures="0" timestamp="16 Feb 2017 10:06:04 GMT" skipped="0" hostname="GOVTECH-CTMO-02" errors="0">
  <testcase name="TC1_OpenBrowser" time="4.089" classname="eMail.GmailDemo"/>
  <testcase name="TC5_SignOut" time="4.670" classname="eMail.GmailDemo"/>
  <testcase name="TC3_validlogin" time="1.355" classname="eMail.GmailDemo"/>
  <testcase name="TC2_LaunchGoogle" time="1.379" classname="eMail.GmailDemo"/>
  <testcase name="TC4_Compose" time="13.136" classname="eMail.GmailDemo"/>
</testsuite> <!-- eMail.GmailDemo -->
