<?xml version="1.0" encoding="UTF-8"?>
<!-- Generated by org.testng.reporters.JUnitReportReporter -->
<testsuite name="eMail.NewTest" tests="3" time="0.000" ignored="0" failures="0" timestamp="01 Feb 2017 03:05:53 GMT" skipped="0" hostname="GOVTECH-CTMO-02" errors="0">
  <testcase name="h" time="0.000" classname="eMail.NewTest"/>
  <testcase name="g" time="0.000" classname="eMail.NewTest"/>
  <testcase name="f" time="0.000" classname="eMail.NewTest"/>
</testsuite> <!-- eMail.NewTest -->
