<?xml version="1.0" encoding="UTF-8"?>
<!-- Generated by org.testng.reporters.JUnitReportReporter -->
<testsuite name="eMail.GmailDemo_InValidLogin" tests="3" time="4.928" ignored="0" failures="0" timestamp="26 Feb 2017 23:41:43 GMT" skipped="0" hostname="GOVTECH-CTMO-02" errors="0">
  <testcase name="TC1_OpenBrowser" time="2.537" classname="eMail.GmailDemo_InValidLogin"/>
  <testcase name="TC3_InValidlogin" time="1.502" classname="eMail.GmailDemo_InValidLogin"/>
  <testcase name="TC2_LaunchGoogle" time="0.889" classname="eMail.GmailDemo_InValidLogin"/>
</testsuite> <!-- eMail.GmailDemo_InValidLogin -->
