<?xml version="1.0" encoding="UTF-8"?>
<!-- Generated by org.testng.reporters.JUnitReportReporter -->
<testsuite name="eMail.Priority_In_testNG" tests="6" time="25.953"
	ignored="0" failures="0" timestamp="06 Feb 2017 08:45:48 GMT" skipped="0"
	hostname="GOVTECH-CTMO-02" errors="0">
	<testcase name="TC6_SignOut" time="4.647" classname="eMail.Priority_In_testNG" />
	<testcase name="TC1_OpenBrowser" time="2.676"
		classname="eMail.Priority_In_testNG" />
	<testcase name="TC5_Compose" time="12.930" classname="eMail.Priority_In_testNG" />
	<testcase name="TC3_Invalidlogin" time="1.531"
		classname="eMail.Priority_In_testNG" />
	<testcase name="TC2_LaunchGoogle" time="3.586"
		classname="eMail.Priority_In_testNG" />
	<testcase name="TC4_Validlogin" time="0.583"
		classname="eMail.Priority_In_testNG" />
</testsuite> <!-- eMail.Priority_In_testNG -->
