<?xml version="1.0" encoding="UTF-8"?>
<!-- Generated by org.testng.reporters.JUnitReportReporter -->
<testsuite name="eMail.LoginDemoTng" tests="1" time="28.145" ignored="0" failures="0" timestamp="02 Feb 2017 02:03:30 GMT" skipped="0" hostname="GOVTECH-CTMO-02" errors="0">
  <testcase name="login" time="28.145" classname="eMail.LoginDemoTng"/>
</testsuite> <!-- eMail.LoginDemoTng -->
