<?xml version="1.0" encoding="UTF-8"?>
<!-- Generated by org.testng.reporters.JUnitReportReporter -->
<testsuite name="eMail.GmailDemo" tests="5" time="22.324" ignored="0" failures="0" timestamp="06 Feb 2017 09:33:43 GMT" skipped="0" hostname="GOVTECH-CTMO-02" errors="0">
  <testcase name="TC1_OpenBrowser" time="2.632" classname="eMail.GmailDemo"/>
  <testcase name="TC5_SignOut" time="4.649" classname="eMail.GmailDemo"/>
  <testcase name="TC3_validlogin" time="1.108" classname="eMail.GmailDemo"/>
  <testcase name="TC2_LaunchGoogle" time="1.529" classname="eMail.GmailDemo"/>
  <testcase name="TC4_Compose" time="12.406" classname="eMail.GmailDemo"/>
</testsuite> <!-- eMail.GmailDemo -->
