<?xml version="1.0" encoding="UTF-8"?>
<!-- Generated by org.testng.reporters.JUnitReportReporter -->
<testsuite name="eMail.GmailDemo" tests="5" time="20.152" ignored="0" failures="0" timestamp="26 Feb 2017 23:12:00 GMT" skipped="0" hostname="GOVTECH-CTMO-02" errors="0">
  <testcase name="TC4_Compose" time="10.791" classname="eMail.GmailDemo"/>
  <testcase name="TC3_validlogin" time="1.107" classname="eMail.GmailDemo"/>
  <testcase name="TC1_OpenBrowser" time="2.720" classname="eMail.GmailDemo"/>
  <testcase name="TC5_SignOut" time="4.623" classname="eMail.GmailDemo"/>
  <testcase name="TC2_LaunchGoogle" time="0.911" classname="eMail.GmailDemo"/>
</testsuite> <!-- eMail.GmailDemo -->
