<?xml version="1.0" encoding="UTF-8"?>
<!-- Generated by org.testng.reporters.JUnitReportReporter -->
<testsuite name="eMail.GmailDemo" tests="5" time="21.975" ignored="0" failures="0" timestamp="15 Feb 2017 08:52:09 GMT" skipped="0" hostname="GOVTECH-CTMO-02" errors="0">
  <testcase name="TC1_OpenBrowser" time="2.682" classname="eMail.GmailDemo"/>
  <testcase name="TC5_SignOut" time="4.690" classname="eMail.GmailDemo"/>
  <testcase name="TC3_validlogin" time="0.987" classname="eMail.GmailDemo"/>
  <testcase name="TC2_LaunchGoogle" time="1.223" classname="eMail.GmailDemo"/>
  <testcase name="TC4_Compose" time="12.393" classname="eMail.GmailDemo"/>
</testsuite> <!-- eMail.GmailDemo -->
