<?xml version="1.0" encoding="UTF-8"?>
<!-- Generated by org.testng.reporters.JUnitReportReporter -->
<testsuite name="eMail.GmailDemo" tests="5" time="25.328" ignored="0" failures="0" timestamp="06 Feb 2017 09:43:14 GMT" skipped="0" hostname="GOVTECH-CTMO-02" errors="0">
  <testcase name="TC1_OpenBrowser" time="2.599" classname="eMail.GmailDemo"/>
  <testcase name="TC5_SignOut" time="4.586" classname="eMail.GmailDemo"/>
  <testcase name="TC3_validlogin" time="2.407" classname="eMail.GmailDemo"/>
  <testcase name="TC2_LaunchGoogle" time="2.511" classname="eMail.GmailDemo"/>
  <testcase name="TC4_Compose" time="13.225" classname="eMail.GmailDemo"/>
</testsuite> <!-- eMail.GmailDemo -->
