<?xml version="1.0" encoding="UTF-8"?>
<!-- Generated by org.testng.reporters.JUnitReportReporter -->
<testsuite name="eMail.GmailDemo" tests="5" time="24.476"
	ignored="0" failures="0" timestamp="07 Feb 2017 01:19:20 GMT" skipped="0"
	hostname="GOVTECH-CTMO-02" errors="0">
	<testcase name="TC1_OpenBrowser" time="4.590" classname="eMail.GmailDemo" />
	<testcase name="TC5_SignOut" time="4.506" classname="eMail.GmailDemo" />
	<testcase name="TC3_validlogin" time="1.120" classname="eMail.GmailDemo" />
	<testcase name="TC2_LaunchGoogle" time="1.353" classname="eMail.GmailDemo" />
	<testcase name="TC4_Compose" time="12.907" classname="eMail.GmailDemo" />
</testsuite> <!-- eMail.GmailDemo -->
