<?xml version="1.0" encoding="UTF-8"?>
<!-- Generated by org.testng.reporters.JUnitReportReporter -->
<testsuite name="eMail.GmailDemo" tests="5" time="27.966" ignored="0" failures="0" timestamp="16 Feb 2017 05:42:07 GMT" skipped="0" hostname="GOVTECH-CTMO-02" errors="0">
  <testcase name="TC1_OpenBrowser" time="2.624" classname="eMail.GmailDemo"/>
  <testcase name="TC5_SignOut" time="4.780" classname="eMail.GmailDemo"/>
  <testcase name="TC3_validlogin" time="1.508" classname="eMail.GmailDemo"/>
  <testcase name="TC2_LaunchGoogle" time="2.827" classname="eMail.GmailDemo"/>
  <testcase name="TC4_Compose" time="16.227" classname="eMail.GmailDemo"/>
</testsuite> <!-- eMail.GmailDemo -->
